This file contains any messages produced by compilers while
running configure, to aid debugging if configure makes a mistake.

It was created by configure, which was
generated by GNU Autoconf 2.63.  Invocation command line was

  $ ./configure --prefix=/var/www/html/ASP/API

## --------- ##
## Platform. ##
## --------- ##

hostname = BB8
uname -m = x86_64
uname -r = 3.13.0-83-generic
uname -s = Linux
uname -v = #127-Ubuntu SMP Fri Mar 11 00:25:37 UTC 2016

/usr/bin/uname -p = unknown
/bin/uname -X     = unknown

/bin/arch              = unknown
/usr/bin/arch -k       = unknown
/usr/convex/getsysinfo = unknown
/usr/bin/hostinfo      = unknown
/bin/machine           = unknown
/usr/bin/oslevel       = unknown
/bin/universe          = unknown

PATH: /usr/local/sbin
PATH: /usr/local/bin
PATH: /usr/sbin
PATH: /usr/bin
PATH: /sbin
PATH: /bin
PATH: /usr/games
PATH: /usr/local/games


## ----------- ##
## Core tests. ##
## ----------- ##

configure:1788: checking for gcc
configure:1804: found /usr/bin/gcc
configure:1815: result: gcc
configure:2047: checking for C compiler version
configure:2055: gcc --version >&5
gcc (Ubuntu 4.8.4-2ubuntu1~14.04.3) 4.8.4
Copyright (C) 2013 Free Software Foundation, Inc.
This is free software; see the source for copying conditions.  There is NO
warranty; not even for MERCHANTABILITY or FITNESS FOR A PARTICULAR PURPOSE.

configure:2059: $? = 0
configure:2066: gcc -v >&5
Using built-in specs.
COLLECT_GCC=gcc
COLLECT_LTO_WRAPPER=/usr/lib/gcc/x86_64-linux-gnu/4.8/lto-wrapper
Target: x86_64-linux-gnu
Configured with: ../src/configure -v --with-pkgversion='Ubuntu 4.8.4-2ubuntu1~14.04.3' --with-bugurl=file:///usr/share/doc/gcc-4.8/README.Bugs --enable-languages=c,c++,java,go,d,fortran,objc,obj-c++ --prefix=/usr --program-suffix=-4.8 --enable-shared --enable-linker-build-id --libexecdir=/usr/lib --without-included-gettext --enable-threads=posix --with-gxx-include-dir=/usr/include/c++/4.8 --libdir=/usr/lib --enable-nls --with-sysroot=/ --enable-clocale=gnu --enable-libstdcxx-debug --enable-libstdcxx-time=yes --enable-gnu-unique-object --disable-libmudflap --enable-plugin --with-system-zlib --disable-browser-plugin --enable-java-awt=gtk --enable-gtk-cairo --with-java-home=/usr/lib/jvm/java-1.5.0-gcj-4.8-amd64/jre --enable-java-home --with-jvm-root-dir=/usr/lib/jvm/java-1.5.0-gcj-4.8-amd64 --with-jvm-jar-dir=/usr/lib/jvm-exports/java-1.5.0-gcj-4.8-amd64 --with-arch-directory=amd64 --with-ecj-jar=/usr/share/java/eclipse-ecj.jar --enable-objc-gc --enable-multiarch --disable-werror --with-arch-32=i686 --with-abi=m64 --with-multilib-list=m32,m64,mx32 --with-tune=generic --enable-checking=release --build=x86_64-linux-gnu --host=x86_64-linux-gnu --target=x86_64-linux-gnu
Thread model: posix
gcc version 4.8.4 (Ubuntu 4.8.4-2ubuntu1~14.04.3) 
configure:2070: $? = 0
configure:2077: gcc -V >&5
gcc: error: unrecognized command line option '-V'
gcc: fatal error: no input files
compilation terminated.
configure:2081: $? = 4
configure:2104: checking for C compiler default output file name
configure:2126: gcc    conftest.c  >&5
configure:2130: $? = 0
configure:2168: result: a.out
configure:2187: checking whether the C compiler works
configure:2197: ./a.out
configure:2201: $? = 0
configure:2220: result: yes
configure:2227: checking whether we are cross compiling
configure:2229: result: no
configure:2232: checking for suffix of executables
configure:2239: gcc -o conftest    conftest.c  >&5
configure:2243: $? = 0
configure:2269: result: 
configure:2275: checking for suffix of object files
configure:2301: gcc -c   conftest.c >&5
configure:2305: $? = 0
configure:2330: result: o
configure:2334: checking whether we are using the GNU C compiler
configure:2363: gcc -c   conftest.c >&5
configure:2370: $? = 0
configure:2387: result: yes
configure:2396: checking whether gcc accepts -g
configure:2426: gcc -c -g  conftest.c >&5
configure:2433: $? = 0
configure:2534: result: yes
configure:2551: checking for gcc option to accept ISO C89
configure:2625: gcc  -c -g -O2  conftest.c >&5
configure:2632: $? = 0
configure:2655: result: none needed
configure:2718: checking for a BSD-compatible install
configure:2786: result: /usr/bin/install -c
configure:2799: checking for bash
configure:2817: found /bin/bash
configure:2829: result: /bin/bash
configure:2839: checking for sh
configure:2857: found /bin/sh
configure:2869: result: /bin/sh
configure:2892: checking for mkstemp
configure:2919: gcc -o conftest -g -O2   conftest.c  >&5
conftest.c: In function 'main':
conftest.c:13:8: warning: ignoring return value of 'mkstemp', declared with attribute warn_unused_result [-Wunused-result]
 mkstemp("foo");
        ^
configure:2926: $? = 0
configure:2946: result: yes
configure:2956: checking for mkstemps in libiberty
configure:2983: gcc -o conftest -g -O2   conftest.c -liberty  >&5
/usr/bin/ld: cannot find -liberty
collect2: error: ld returned 1 exit status
configure:2990: $? = 1
configure: failed program was:
| 
|  /* confdefs.h.  */
| #define PACKAGE_NAME ""
| #define PACKAGE_TARNAME ""
| #define PACKAGE_VERSION ""
| #define PACKAGE_STRING ""
| #define PACKAGE_BUGREPORT ""
| #define HAVE_MKSTEMP 1
| /* end confdefs.h.  */
| int mkstemps (char *pattern, int suffix_len);
| int
| main ()
| {
| mkstemps("XXXXXX",0);
| 
|   ;
|   return 0;
| }
configure:3011: result: no
configure:3024: checking whether #! works in shell scripts
configure:3041: result: yes
configure:3178: creating ./config.status

## ---------------------- ##
## Running config.status. ##
## ---------------------- ##

This file was extended by config.status, which was
generated by GNU Autoconf 2.63.  Invocation command line was

  CONFIG_FILES    = 
  CONFIG_HEADERS  = 
  CONFIG_LINKS    = 
  CONFIG_COMMANDS = 
  $ ./config.status 

on BB8

config.status:720: creating Makefile
config.status:867: WARNING:  'Makefile.in' seems to ignore the --datarootdir setting
config.status:720: creating getone
config.status:720: creating getall
config.status:720: creating config.h
config.status:936: config.h is unchanged

## ---------------- ##
## Cache variables. ##
## ---------------- ##

ac_cv_c_compiler_gnu=yes
ac_cv_env_CC_set=
ac_cv_env_CC_value=
ac_cv_env_CFLAGS_set=
ac_cv_env_CFLAGS_value=
ac_cv_env_CPPFLAGS_set=
ac_cv_env_CPPFLAGS_value=
ac_cv_env_LDFLAGS_set=
ac_cv_env_LDFLAGS_value=
ac_cv_env_LIBS_set=
ac_cv_env_LIBS_value=
ac_cv_env_build_alias_set=
ac_cv_env_build_alias_value=
ac_cv_env_host_alias_set=
ac_cv_env_host_alias_value=
ac_cv_env_target_alias_set=
ac_cv_env_target_alias_value=
ac_cv_objext=o
ac_cv_path_BASH_PATH=/bin/bash
ac_cv_path_SH_PATH=/bin/sh
ac_cv_path_install='/usr/bin/install -c'
ac_cv_prog_ac_ct_CC=gcc
ac_cv_prog_cc_c89=
ac_cv_prog_cc_g=yes
ac_cv_sys_interpreter=yes
ezcsp_cv_func_mkstemp=yes

## ----------------- ##
## Output variables. ##
## ----------------- ##

BASH_PATH='/bin/bash'
BAT_EXT=''
CC='gcc'
CFLAGS='-g -O2'
CPPFLAGS=''
DEFAULT_SHELL='/bin/bash'
DEFS='-DHAVE_CONFIG_H'
ECHO_C=''
ECHO_N='-n'
ECHO_T=''
EXEEXT=''
INSTALL_DATA='${INSTALL} -m 644'
INSTALL_PROGRAM='${INSTALL}'
INSTALL_SCRIPT='${INSTALL}'
LDFLAGS=''
LIBOBJS=''
LIBS=''
LTLIBOBJS=''
OBJEXT='o'
PACKAGE_BUGREPORT=''
PACKAGE_NAME=''
PACKAGE_STRING=''
PACKAGE_TARNAME=''
PACKAGE_VERSION=''
PATH_SEPARATOR=':'
SHELL='/bin/bash'
SH_PATH='/bin/sh'
START_LINE='#! /bin/bash'
ac_ct_CC='gcc'
bindir='${exec_prefix}/bin'
build_alias=''
datadir='${datarootdir}'
datarootdir='${prefix}/share'
docdir='${datarootdir}/doc/${PACKAGE}'
dvidir='${docdir}'
exec_prefix='${prefix}'
host_alias=''
htmldir='${docdir}'
includedir='${prefix}/include'
infodir='${datarootdir}/info'
libdir='${exec_prefix}/lib'
libexecdir='${exec_prefix}/libexec'
localedir='${datarootdir}/locale'
localstatedir='${prefix}/var'
mandir='${datarootdir}/man'
oldincludedir='/usr/include'
pdfdir='${docdir}'
prefix='/var/www/html/ASP/API'
program_transform_name='s,x,x,'
psdir='${docdir}'
sbindir='${exec_prefix}/sbin'
sharedstatedir='${prefix}/com'
sysconfdir='${prefix}/etc'
target_alias=''

## ----------- ##
## confdefs.h. ##
## ----------- ##

#define PACKAGE_NAME ""
#define PACKAGE_TARNAME ""
#define PACKAGE_VERSION ""
#define PACKAGE_STRING ""
#define PACKAGE_BUGREPORT ""
#define HAVE_MKSTEMP 1

configure: exit 0
